{4466628F-0732-4989-991A-18D849785E0F}
8977976843020122806
{9E4519B9-E2CE-42DB-9D2B-E69271CBF382}
byteBuddyAgent10982484686035343690.jar
config-err-1KUZlP
config-err-4BURxc
config-err-6eP6EE
config-err-8p3h6R
config-err-9AgS2I
config-err-ayxe0K
config-err-bPF61i
config-err-C5LFQF
config-err-CbxVoH
config-err-EJH5of
config-err-gXuqNL
config-err-MeGHPC
config-err-NCfowT
config-err-prFLO0
config-err-PWTDNN
config-err-qk4ApY
config-err-smJGEs
config-err-SVDfs3
config-err-T62TJm
config-err-V7nNTs
config-err-yZhz7A
djacobs-code-zsh
ede-siga-code-zsh
fcoullou-code-zsh
fgacougn-code-zsh
hsperfdata_dpenney
krb5cc_0
krb5cc_103966_YDm40Q
krb5ccmachine_42PARIS.FR
rootlesskit108083249
rootlesskit2171098005
rootlesskit3560666736
rootlesskit3758022897
rootlesskit515015213
rootlesskit709084184
scoped_dirBhUdFI
scoped_dirRJLq8O
sdesseau-code-zsh
snap-private-tmp
systemd-private-8ab3da4cdd6248ba84f3bd5c9029ebfa-bluetooth.service-p9F0Wf
systemd-private-8ab3da4cdd6248ba84f3bd5c9029ebfa-bolt.service-CL5tGd
systemd-private-8ab3da4cdd6248ba84f3bd5c9029ebfa-colord.service-8QR9KB
systemd-private-8ab3da4cdd6248ba84f3bd5c9029ebfa-fwupd.service-eyLAHD
systemd-private-8ab3da4cdd6248ba84f3bd5c9029ebfa-iio-sensor-proxy.service-WE2wOr
systemd-private-8ab3da4cdd6248ba84f3bd5c9029ebfa-ModemManager.service-8i0a54
systemd-private-8ab3da4cdd6248ba84f3bd5c9029ebfa-node_exporter.service-Yx9Q5n
systemd-private-8ab3da4cdd6248ba84f3bd5c9029ebfa-power-profiles-daemon.service-ptukeJ
systemd-private-8ab3da4cdd6248ba84f3bd5c9029ebfa-redis-server.service-GZe7lF
systemd-private-8ab3da4cdd6248ba84f3bd5c9029ebfa-switcheroo-control.service-PPDhje
systemd-private-8ab3da4cdd6248ba84f3bd5c9029ebfa-systemd-logind.service-E0gxZu
systemd-private-8ab3da4cdd6248ba84f3bd5c9029ebfa-systemd-resolved.service-6L3o9e
systemd-private-8ab3da4cdd6248ba84f3bd5c9029ebfa-systemd-timesyncd.service-r49o86
systemd-private-8ab3da4cdd6248ba84f3bd5c9029ebfa-upower.service-h27Qk4
Temp-1a728b4e-a0c2-4413-9bcd-b26d7480c905
Temp-73acea63-c69a-4307-9a96-6d6c0369f5a2
Temp-a54e567a-1c34-4664-b151-ab20880a3121
tmpaddon
tmpaddon-1
unleash-repo-schema-v1-codeium-language-server.json
{4466628F-0732-4989-991A-18D849785E0F}
8977976843020122806
{9E4519B9-E2CE-42DB-9D2B-E69271CBF382}
byteBuddyAgent10982484686035343690.jar
config-err-1KUZlP
config-err-4BURxc
config-err-6eP6EE
config-err-8p3h6R
config-err-9AgS2I
config-err-ayxe0K
config-err-bPF61i
config-err-C5LFQF
config-err-CbxVoH
config-err-EJH5of
config-err-gXuqNL
config-err-MeGHPC
config-err-NCfowT
config-err-prFLO0
config-err-PWTDNN
config-err-qk4ApY
config-err-smJGEs
config-err-SVDfs3
config-err-T62TJm
config-err-V7nNTs
config-err-yZhz7A
djacobs-code-zsh
ede-siga-code-zsh
fcoullou-code-zsh
fgacougn-code-zsh
hsperfdata_dpenney
krb5cc_0
krb5cc_103966_YDm40Q
krb5ccmachine_42PARIS.FR
rootlesskit108083249
rootlesskit2171098005
rootlesskit3560666736
rootlesskit3758022897
rootlesskit515015213
rootlesskit709084184
scoped_dirBhUdFI
scoped_dirRJLq8O
sdesseau-code-zsh
snap-private-tmp
systemd-private-8ab3da4cdd6248ba84f3bd5c9029ebfa-bluetooth.service-p9F0Wf
systemd-private-8ab3da4cdd6248ba84f3bd5c9029ebfa-bolt.service-CL5tGd
systemd-private-8ab3da4cdd6248ba84f3bd5c9029ebfa-colord.service-8QR9KB
systemd-private-8ab3da4cdd6248ba84f3bd5c9029ebfa-fwupd.service-eyLAHD
systemd-private-8ab3da4cdd6248ba84f3bd5c9029ebfa-iio-sensor-proxy.service-WE2wOr
systemd-private-8ab3da4cdd6248ba84f3bd5c9029ebfa-ModemManager.service-8i0a54
systemd-private-8ab3da4cdd6248ba84f3bd5c9029ebfa-node_exporter.service-Yx9Q5n
systemd-private-8ab3da4cdd6248ba84f3bd5c9029ebfa-power-profiles-daemon.service-ptukeJ
systemd-private-8ab3da4cdd6248ba84f3bd5c9029ebfa-redis-server.service-GZe7lF
systemd-private-8ab3da4cdd6248ba84f3bd5c9029ebfa-switcheroo-control.service-PPDhje
systemd-private-8ab3da4cdd6248ba84f3bd5c9029ebfa-systemd-logind.service-E0gxZu
systemd-private-8ab3da4cdd6248ba84f3bd5c9029ebfa-systemd-resolved.service-6L3o9e
systemd-private-8ab3da4cdd6248ba84f3bd5c9029ebfa-systemd-timesyncd.service-r49o86
systemd-private-8ab3da4cdd6248ba84f3bd5c9029ebfa-upower.service-h27Qk4
Temp-1a728b4e-a0c2-4413-9bcd-b26d7480c905
Temp-73acea63-c69a-4307-9a96-6d6c0369f5a2
Temp-a54e567a-1c34-4664-b151-ab20880a3121
tmpaddon
tmpaddon-1
unleash-repo-schema-v1-codeium-language-server.json
{4466628F-0732-4989-991A-18D849785E0F}
8977976843020122806
{9E4519B9-E2CE-42DB-9D2B-E69271CBF382}
byteBuddyAgent10982484686035343690.jar
config-err-1KUZlP
config-err-4BURxc
config-err-6eP6EE
config-err-8p3h6R
config-err-9AgS2I
config-err-ayxe0K
config-err-bPF61i
config-err-C5LFQF
config-err-CbxVoH
config-err-EJH5of
config-err-gXuqNL
config-err-MeGHPC
config-err-NCfowT
config-err-prFLO0
config-err-PWTDNN
config-err-qk4ApY
config-err-smJGEs
config-err-SVDfs3
config-err-T62TJm
config-err-V7nNTs
config-err-yZhz7A
djacobs-code-zsh
ede-siga-code-zsh
fcoullou-code-zsh
fgacougn-code-zsh
hsperfdata_dpenney
krb5cc_0
krb5cc_103966_YDm40Q
krb5ccmachine_42PARIS.FR
rootlesskit108083249
rootlesskit2171098005
rootlesskit3560666736
rootlesskit3758022897
rootlesskit515015213
rootlesskit709084184
scoped_dirBhUdFI
scoped_dirRJLq8O
sdesseau-code-zsh
snap-private-tmp
systemd-private-8ab3da4cdd6248ba84f3bd5c9029ebfa-bluetooth.service-p9F0Wf
systemd-private-8ab3da4cdd6248ba84f3bd5c9029ebfa-bolt.service-CL5tGd
systemd-private-8ab3da4cdd6248ba84f3bd5c9029ebfa-colord.service-8QR9KB
systemd-private-8ab3da4cdd6248ba84f3bd5c9029ebfa-fwupd.service-eyLAHD
systemd-private-8ab3da4cdd6248ba84f3bd5c9029ebfa-iio-sensor-proxy.service-WE2wOr
systemd-private-8ab3da4cdd6248ba84f3bd5c9029ebfa-ModemManager.service-8i0a54
systemd-private-8ab3da4cdd6248ba84f3bd5c9029ebfa-node_exporter.service-Yx9Q5n
systemd-private-8ab3da4cdd6248ba84f3bd5c9029ebfa-power-profiles-daemon.service-ptukeJ
systemd-private-8ab3da4cdd6248ba84f3bd5c9029ebfa-redis-server.service-GZe7lF
systemd-private-8ab3da4cdd6248ba84f3bd5c9029ebfa-switcheroo-control.service-PPDhje
systemd-private-8ab3da4cdd6248ba84f3bd5c9029ebfa-systemd-logind.service-E0gxZu
systemd-private-8ab3da4cdd6248ba84f3bd5c9029ebfa-systemd-resolved.service-6L3o9e
systemd-private-8ab3da4cdd6248ba84f3bd5c9029ebfa-systemd-timesyncd.service-r49o86
systemd-private-8ab3da4cdd6248ba84f3bd5c9029ebfa-upower.service-h27Qk4
Temp-1a728b4e-a0c2-4413-9bcd-b26d7480c905
Temp-73acea63-c69a-4307-9a96-6d6c0369f5a2
Temp-a54e567a-1c34-4664-b151-ab20880a3121
tmpaddon
tmpaddon-1
unleash-repo-schema-v1-codeium-language-server.json
